# JRE version: OpenJDK Runtime Environment (11.0.15) (build 11.0.15+0-b2043.56-9505619)
# Java VM: OpenJDK 64-Bit Server VM (11.0.15+0-b2043.56-9505619, mixed mode, tiered, compressed oops, g1 gc, windows-amd64)
Heap:
 garbage-first heap   total 250880K, used 124732K [0x0000000080000000, 0x0000000100000000)
  region size 1024K, 10 young (10240K), 8 survivors (8192K)
 Metaspace       used 102323K, capacity 105235K, committed 105372K, reserved 1140736K
  class space    used 12912K, capacity 14036K, committed 14060K, reserved 1048576K
GC Heap History (20 events):
Event: 5.558 GC heap before
{Heap before GC invocations=6 (full 0):
 garbage-first heap   total 245760K, used 141576K [0x0000000080000000, 0x0000000100000000)
  region size 1024K, 119 young (121856K), 6 survivors (6144K)
 Metaspace       used 45624K, capacity 46675K, committed 46896K, reserved 1089536K
  class space    used 5800K, capacity 6194K, committed 6272K, reserved 1048576K
}
Event: 5.569 GC heap after
{Heap after GC invocations=7 (full 0):
 garbage-first heap   total 245760K, used 31002K [0x0000000080000000, 0x0000000100000000)
  region size 1024K, 14 young (14336K), 14 survivors (14336K)
 Metaspace       used 45624K, capacity 46675K, committed 46896K, reserved 1089536K
  class space    used 5800K, capacity 6194K, committed 6272K, reserved 1048576K
}
Event: 7.080 GC heap before
{Heap before GC invocations=7 (full 0):
 garbage-first heap   total 245760K, used 164122K [0x0000000080000000, 0x0000000100000000)
  region size 1024K, 142 young (145408K), 14 survivors (14336K)
 Metaspace       used 54878K, capacity 56316K, committed 56624K, reserved 1097728K
  class space    used 6941K, capacity 7475K, committed 7552K, reserved 1048576K
}
Event: 7.097 GC heap after
{Heap after GC invocations=8 (full 0):
 garbage-first heap   total 245760K, used 42314K [0x0000000080000000, 0x0000000100000000)
  region size 1024K, 18 young (18432K), 18 survivors (18432K)
 Metaspace       used 54878K, capacity 56316K, committed 56624K, reserved 1097728K
  class space    used 6941K, capacity 7475K, committed 7552K, reserved 1048576K
}
Event: 7.554 GC heap before
{Heap before GC invocations=8 (full 0):
 garbage-first heap   total 245760K, used 67914K [0x0000000080000000, 0x0000000100000000)
  region size 1024K, 44 young (45056K), 18 survivors (18432K)
 Metaspace       used 58662K, capacity 60207K, committed 60240K, reserved 1101824K
  class space    used 7459K, capacity 8073K, committed 8096K, reserved 1048576K
}
Event: 7.575 GC heap after
{Heap after GC invocations=9 (full 0):
 garbage-first heap   total 245760K, used 44595K [0x0000000080000000, 0x0000000100000000)
  region size 1024K, 3 young (3072K), 3 survivors (3072K)
 Metaspace       used 58662K, capacity 60207K, committed 60240K, reserved 1101824K
  class space    used 7459K, capacity 8073K, committed 8096K, reserved 1048576K
}
Event: 9.123 GC heap before
{Heap before GC invocations=10 (full 0):
 garbage-first heap   total 245760K, used 192051K [0x0000000080000000, 0x0000000100000000)
  region size 1024K, 139 young (142336K), 3 survivors (3072K)
 Metaspace       used 67286K, capacity 68960K, committed 69148K, reserved 1110016K
  class space    used 8587K, capacity 9261K, committed 9324K, reserved 1048576K
}
Event: 9.145 GC heap after
{Heap after GC invocations=11 (full 0):
 garbage-first heap   total 245760K, used 53780K [0x0000000080000000, 0x0000000100000000)
  region size 1024K, 12 young (12288K), 12 survivors (12288K)
 Metaspace       used 67286K, capacity 68960K, committed 69148K, reserved 1110016K
  class space    used 8587K, capacity 9261K, committed 9324K, reserved 1048576K
}
Event: 11.049 GC heap before
{Heap before GC invocations=12 (full 0):
 garbage-first heap   total 245760K, used 186900K [0x0000000080000000, 0x0000000100000000)
  region size 1024K, 142 young (145408K), 12 survivors (12288K)
 Metaspace       used 79879K, capacity 81853K, committed 82076K, reserved 1120256K
  class space    used 10456K, capacity 11209K, committed 11244K, reserved 1048576K
}
Event: 11.066 GC heap after
{Heap after GC invocations=13 (full 0):
 garbage-first heap   total 245760K, used 62778K [0x0000000080000000, 0x0000000100000000)
  region size 1024K, 9 young (9216K), 9 survivors (9216K)
 Metaspace       used 79879K, capacity 81853K, committed 82076K, reserved 1120256K
  class space    used 10456K, capacity 11209K, committed 11244K, reserved 1048576K
}
Event: 12.368 GC heap before
{Heap before GC invocations=13 (full 0):
 garbage-first heap   total 245760K, used 190778K [0x0000000080000000, 0x0000000100000000)
  region size 1024K, 134 young (137216K), 9 survivors (9216K)
 Metaspace       used 82991K, capacity 85421K, committed 85660K, reserved 1122304K
  class space    used 10970K, capacity 11896K, committed 12012K, reserved 1048576K
}
Event: 12.384 GC heap after
{Heap after GC invocations=14 (full 0):
 garbage-first heap   total 245760K, used 74187K [0x0000000080000000, 0x0000000100000000)
  region size 1024K, 17 young (17408K), 17 survivors (17408K)
 Metaspace       used 82991K, capacity 85421K, committed 85660K, reserved 1122304K
  class space    used 10970K, capacity 11896K, committed 12012K, reserved 1048576K
}
Event: 14.334 GC heap before
{Heap before GC invocations=14 (full 0):
 garbage-first heap   total 245760K, used 204235K [0x0000000080000000, 0x0000000100000000)
  region size 1024K, 132 young (135168K), 17 survivors (17408K)
 Metaspace       used 90519K, capacity 93165K, committed 93340K, reserved 1130496K
  class space    used 11719K, capacity 12718K, committed 12780K, reserved 1048576K
}
Event: 14.363 GC heap after
{Heap after GC invocations=15 (full 0):
 garbage-first heap   total 250880K, used 106701K [0x0000000080000000, 0x0000000100000000)
  region size 1024K, 17 young (17408K), 17 survivors (17408K)
 Metaspace       used 90519K, capacity 93165K, committed 93340K, reserved 1130496K
  class space    used 11719K, capacity 12718K, committed 12780K, reserved 1048576K
}
Event: 15.640 GC heap before
{Heap before GC invocations=15 (full 0):
 garbage-first heap   total 250880K, used 209101K [0x0000000080000000, 0x0000000100000000)
  region size 1024K, 96 young (98304K), 17 survivors (17408K)
 Metaspace       used 92728K, capacity 95547K, committed 95644K, reserved 1132544K
  class space    used 11912K, capacity 12991K, committed 13036K, reserved 1048576K
}
Event: 15.661 GC heap after
{Heap after GC invocations=16 (full 0):
 garbage-first heap   total 250880K, used 116091K [0x0000000080000000, 0x0000000100000000)
  region size 1024K, 11 young (11264K), 11 survivors (11264K)
 Metaspace       used 92728K, capacity 95547K, committed 95644K, reserved 1132544K
  class space    used 11912K, capacity 12991K, committed 13036K, reserved 1048576K
}
Event: 16.652 GC heap before
{Heap before GC invocations=16 (full 0):
 garbage-first heap   total 250880K, used 190843K [0x0000000080000000, 0x0000000100000000)
  region size 1024K, 85 young (87040K), 11 survivors (11264K)
 Metaspace       used 95522K, capacity 98389K, committed 98716K, reserved 1134592K
  class space    used 12127K, capacity 13205K, committed 13292K, reserved 1048576K
}
Event: 16.664 GC heap after
{Heap after GC invocations=17 (full 0):
 garbage-first heap   total 250880K, used 117760K [0x0000000080000000, 0x0000000100000000)
  region size 1024K, 5 young (5120K), 5 survivors (5120K)
 Metaspace       used 95522K, capacity 98389K, committed 98716K, reserved 1134592K
  class space    used 12127K, capacity 13205K, committed 13292K, reserved 1048576K
}
Event: 18.264 GC heap before
{Heap before GC invocations=17 (full 0):
 garbage-first heap   total 250880K, used 195584K [0x0000000080000000, 0x0000000100000000)
  region size 1024K, 82 young (83968K), 5 survivors (5120K)
 Metaspace       used 98444K, capacity 101386K, committed 101660K, reserved 1136640K
  class space    used 12443K, capacity 13587K, committed 13676K, reserved 1048576K
}
Event: 18.273 GC heap after
{Heap after GC invocations=18 (full 0):
 garbage-first heap   total 250880K, used 119498K [0x0000000080000000, 0x0000000100000000)
  region size 1024K, 7 young (7168K), 7 survivors (7168K)
 Metaspace       used 98444K, capacity 101386K, committed 101660K, reserved 1136640K
  class space    used 12443K, capacity 13587K, committed 13676K, reserved 1048576K
}

