# JRE version: OpenJDK Runtime Environment (11.0.15) (build 11.0.15+0-b2043.56-9505619)
# Java VM: OpenJDK 64-Bit Server VM (11.0.15+0-b2043.56-9505619, mixed mode, tiered, compressed oops, g1 gc, windows-amd64)
Heap:
 garbage-first heap   total 245760K, used 114361K [0x0000000080000000, 0x0000000100000000)
  region size 1024K, 92 young (94208K), 13 survivors (13312K)
 Metaspace       used 50100K, capacity 51327K, committed 51376K, reserved 1101824K
  class space    used 6364K, capacity 6881K, committed 6912K, reserved 1048576K
GC Heap History (10 events):
Event: 0.966 GC heap before
{Heap before GC invocations=0 (full 0):
 garbage-first heap   total 245760K, used 29696K [0x0000000080000000, 0x0000000100000000)
  region size 1024K, 24 young (24576K), 0 survivors (0K)
 Metaspace       used 10118K, capacity 10339K, committed 10624K, reserved 1058816K
  class space    used 1031K, capacity 1106K, committed 1152K, reserved 1048576K
}
Event: 0.972 GC heap after
{Heap after GC invocations=1 (full 0):
 garbage-first heap   total 245760K, used 9520K [0x0000000080000000, 0x0000000100000000)
  region size 1024K, 3 young (3072K), 3 survivors (3072K)
 Metaspace       used 10118K, capacity 10339K, committed 10624K, reserved 1058816K
  class space    used 1031K, capacity 1106K, committed 1152K, reserved 1048576K
}
Event: 3.347 GC heap before
{Heap before GC invocations=1 (full 0):
 garbage-first heap   total 245760K, used 107824K [0x0000000080000000, 0x0000000100000000)
  region size 1024K, 99 young (101376K), 3 survivors (3072K)
 Metaspace       used 20783K, capacity 21163K, committed 21296K, reserved 1069056K
  class space    used 2520K, capacity 2653K, committed 2688K, reserved 1048576K
}
Event: 3.360 GC heap after
{Heap after GC invocations=2 (full 0):
 garbage-first heap   total 245760K, used 16866K [0x0000000080000000, 0x0000000100000000)
  region size 1024K, 11 young (11264K), 11 survivors (11264K)
 Metaspace       used 20783K, capacity 21163K, committed 21296K, reserved 1069056K
  class space    used 2520K, capacity 2653K, committed 2688K, reserved 1048576K
}
Event: 3.968 GC heap before
{Heap before GC invocations=3 (full 0):
 garbage-first heap   total 245760K, used 58850K [0x0000000080000000, 0x0000000100000000)
  region size 1024K, 53 young (54272K), 11 survivors (11264K)
 Metaspace       used 25212K, capacity 25789K, committed 25904K, reserved 1071104K
  class space    used 3238K, capacity 3416K, committed 3456K, reserved 1048576K
}
Event: 3.975 GC heap after
{Heap after GC invocations=4 (full 0):
 garbage-first heap   total 245760K, used 18888K [0x0000000080000000, 0x0000000100000000)
  region size 1024K, 3 young (3072K), 3 survivors (3072K)
 Metaspace       used 25212K, capacity 25789K, committed 25904K, reserved 1071104K
  class space    used 3238K, capacity 3416K, committed 3456K, reserved 1048576K
}
Event: 5.276 GC heap before
{Heap before GC invocations=4 (full 0):
 garbage-first heap   total 245760K, used 94664K [0x0000000080000000, 0x0000000100000000)
  region size 1024K, 78 young (79872K), 3 survivors (3072K)
 Metaspace       used 34867K, capacity 35730K, committed 35888K, reserved 1081344K
  class space    used 4555K, capacity 4887K, committed 4992K, reserved 1048576K
}
Event: 5.287 GC heap after
{Heap after GC invocations=5 (full 0):
 garbage-first heap   total 245760K, used 22158K [0x0000000080000000, 0x0000000100000000)
  region size 1024K, 6 young (6144K), 6 survivors (6144K)
 Metaspace       used 34867K, capacity 35730K, committed 35888K, reserved 1081344K
  class space    used 4555K, capacity 4887K, committed 4992K, reserved 1048576K
}
Event: 7.526 GC heap before
{Heap before GC invocations=6 (full 0):
 garbage-first heap   total 245760K, used 153230K [0x0000000080000000, 0x0000000100000000)
  region size 1024K, 131 young (134144K), 6 survivors (6144K)
 Metaspace       used 46434K, capacity 47538K, committed 47792K, reserved 1091584K
  class space    used 5925K, capacity 6333K, committed 6400K, reserved 1048576K
}
Event: 7.537 GC heap after
{Heap after GC invocations=7 (full 0):
 garbage-first heap   total 245760K, used 30393K [0x0000000080000000, 0x0000000100000000)
  region size 1024K, 14 young (14336K), 14 survivors (14336K)
 Metaspace       used 46434K, capacity 47538K, committed 47792K, reserved 1091584K
  class space    used 5925K, capacity 6333K, committed 6400K, reserved 1048576K
}

