# JRE version: OpenJDK Runtime Environment (11.0.15) (build 11.0.15+0-b2043.56-9505619)
# Java VM: OpenJDK 64-Bit Server VM (11.0.15+0-b2043.56-9505619, mixed mode, tiered, compressed oops, g1 gc, windows-amd64)
Heap:
 garbage-first heap   total 245760K, used 131483K [0x0000000080000000, 0x0000000100000000)
  region size 1024K, 77 young (78848K), 16 survivors (16384K)
 Metaspace       used 85765K, capacity 88312K, committed 88476K, reserved 1126400K
  class space    used 11247K, capacity 12234K, committed 12268K, reserved 1048576K
GC Heap History (20 events):
Event: 0.802 GC heap before
{Heap before GC invocations=0 (full 0):
 garbage-first heap   total 245760K, used 29696K [0x0000000080000000, 0x0000000100000000)
  region size 1024K, 24 young (24576K), 0 survivors (0K)
 Metaspace       used 10112K, capacity 10339K, committed 10624K, reserved 1058816K
  class space    used 1030K, capacity 1106K, committed 1152K, reserved 1048576K
}
Event: 0.807 GC heap after
{Heap after GC invocations=1 (full 0):
 garbage-first heap   total 245760K, used 9320K [0x0000000080000000, 0x0000000100000000)
  region size 1024K, 3 young (3072K), 3 survivors (3072K)
 Metaspace       used 10112K, capacity 10339K, committed 10624K, reserved 1058816K
  class space    used 1030K, capacity 1106K, committed 1152K, reserved 1048576K
}
Event: 2.643 GC heap before
{Heap before GC invocations=1 (full 0):
 garbage-first heap   total 245760K, used 108648K [0x0000000080000000, 0x0000000100000000)
  region size 1024K, 101 young (103424K), 3 survivors (3072K)
 Metaspace       used 20783K, capacity 21195K, committed 21296K, reserved 1069056K
  class space    used 2522K, capacity 2685K, committed 2688K, reserved 1048576K
}
Event: 2.653 GC heap after
{Heap after GC invocations=2 (full 0):
 garbage-first heap   total 245760K, used 16825K [0x0000000080000000, 0x0000000100000000)
  region size 1024K, 11 young (11264K), 11 survivors (11264K)
 Metaspace       used 20783K, capacity 21195K, committed 21296K, reserved 1069056K
  class space    used 2522K, capacity 2685K, committed 2688K, reserved 1048576K
}
Event: 2.844 GC heap before
{Heap before GC invocations=3 (full 0):
 garbage-first heap   total 245760K, used 38329K [0x0000000080000000, 0x0000000100000000)
  region size 1024K, 32 young (32768K), 11 survivors (11264K)
 Metaspace       used 22708K, capacity 23244K, committed 23472K, reserved 1069056K
  class space    used 2861K, capacity 3034K, committed 3072K, reserved 1048576K
}
Event: 2.851 GC heap after
{Heap after GC invocations=4 (full 0):
 garbage-first heap   total 245760K, used 17938K [0x0000000080000000, 0x0000000100000000)
  region size 1024K, 1 young (1024K), 1 survivors (1024K)
 Metaspace       used 22708K, capacity 23244K, committed 23472K, reserved 1069056K
  class space    used 2861K, capacity 3034K, committed 3072K, reserved 1048576K
}
Event: 4.228 GC heap before
{Heap before GC invocations=4 (full 0):
 garbage-first heap   total 245760K, used 118290K [0x0000000080000000, 0x0000000100000000)
  region size 1024K, 101 young (103424K), 1 survivors (1024K)
 Metaspace       used 34904K, capacity 35732K, committed 35888K, reserved 1081344K
  class space    used 4559K, capacity 4889K, committed 4992K, reserved 1048576K
}
Event: 4.240 GC heap after
{Heap after GC invocations=5 (full 0):
 garbage-first heap   total 245760K, used 22511K [0x0000000080000000, 0x0000000100000000)
  region size 1024K, 6 young (6144K), 6 survivors (6144K)
 Metaspace       used 34904K, capacity 35732K, committed 35888K, reserved 1081344K
  class space    used 4559K, capacity 4889K, committed 4992K, reserved 1048576K
}
Event: 5.669 GC heap before
{Heap before GC invocations=6 (full 0):
 garbage-first heap   total 245760K, used 144367K [0x0000000080000000, 0x0000000100000000)
  region size 1024K, 122 young (124928K), 6 survivors (6144K)
 Metaspace       used 45818K, capacity 46885K, committed 46896K, reserved 1089536K
  class space    used 5827K, capacity 6264K, committed 6272K, reserved 1048576K
}
Event: 5.683 GC heap after
{Heap after GC invocations=7 (full 0):
 garbage-first heap   total 245760K, used 30797K [0x0000000080000000, 0x0000000100000000)
  region size 1024K, 14 young (14336K), 14 survivors (14336K)
 Metaspace       used 45818K, capacity 46885K, committed 46896K, reserved 1089536K
  class space    used 5827K, capacity 6264K, committed 6272K, reserved 1048576K
}
Event: 7.253 GC heap before
{Heap before GC invocations=7 (full 0):
 garbage-first heap   total 245760K, used 164941K [0x0000000080000000, 0x0000000100000000)
  region size 1024K, 143 young (146432K), 14 survivors (14336K)
 Metaspace       used 55873K, capacity 57220K, committed 57520K, reserved 1099776K
  class space    used 7050K, capacity 7585K, committed 7680K, reserved 1048576K
}
Event: 7.271 GC heap after
{Heap after GC invocations=8 (full 0):
 garbage-first heap   total 245760K, used 42360K [0x0000000080000000, 0x0000000100000000)
  region size 1024K, 18 young (18432K), 18 survivors (18432K)
 Metaspace       used 55873K, capacity 57220K, committed 57520K, reserved 1099776K
  class space    used 7050K, capacity 7585K, committed 7680K, reserved 1048576K
}
Event: 7.636 GC heap before
{Heap before GC invocations=8 (full 0):
 garbage-first heap   total 245760K, used 62840K [0x0000000080000000, 0x0000000100000000)
  region size 1024K, 39 young (39936K), 18 survivors (18432K)
 Metaspace       used 58651K, capacity 60174K, committed 60208K, reserved 1101824K
  class space    used 7448K, capacity 8040K, committed 8064K, reserved 1048576K
}
Event: 7.659 GC heap after
{Heap after GC invocations=9 (full 0):
 garbage-first heap   total 245760K, used 44809K [0x0000000080000000, 0x0000000100000000)
  region size 1024K, 3 young (3072K), 3 survivors (3072K)
 Metaspace       used 58651K, capacity 60174K, committed 60208K, reserved 1101824K
  class space    used 7448K, capacity 8040K, committed 8064K, reserved 1048576K
}
Event: 8.981 GC heap before
{Heap before GC invocations=10 (full 0):
 garbage-first heap   total 245760K, used 171785K [0x0000000080000000, 0x0000000100000000)
  region size 1024K, 119 young (121856K), 3 survivors (3072K)
 Metaspace       used 65473K, capacity 67092K, committed 67356K, reserved 1107968K
  class space    used 8318K, capacity 8980K, committed 9068K, reserved 1048576K
}
Event: 8.991 GC heap after
{Heap after GC invocations=11 (full 0):
 garbage-first heap   total 245760K, used 52629K [0x0000000080000000, 0x0000000100000000)
  region size 1024K, 11 young (11264K), 11 survivors (11264K)
 Metaspace       used 65473K, capacity 67092K, committed 67356K, reserved 1107968K
  class space    used 8318K, capacity 8980K, committed 9068K, reserved 1048576K
}
Event: 10.723 GC heap before
{Heap before GC invocations=11 (full 0):
 garbage-first heap   total 245760K, used 170389K [0x0000000080000000, 0x0000000100000000)
  region size 1024K, 126 young (129024K), 11 survivors (11264K)
 Metaspace       used 78045K, capacity 79913K, committed 80028K, reserved 1118208K
  class space    used 10230K, capacity 10976K, committed 10988K, reserved 1048576K
}
Event: 10.737 GC heap after
{Heap after GC invocations=12 (full 0):
 garbage-first heap   total 245760K, used 59824K [0x0000000080000000, 0x0000000100000000)
  region size 1024K, 8 young (8192K), 8 survivors (8192K)
 Metaspace       used 78045K, capacity 79913K, committed 80028K, reserved 1118208K
  class space    used 10230K, capacity 10976K, committed 10988K, reserved 1048576K
}
Event: 12.007 GC heap before
{Heap before GC invocations=12 (full 0):
 garbage-first heap   total 245760K, used 177584K [0x0000000080000000, 0x0000000100000000)
  region size 1024K, 124 young (126976K), 8 survivors (8192K)
 Metaspace       used 84233K, capacity 86536K, committed 86684K, reserved 1124352K
  class space    used 11026K, capacity 11890K, committed 12012K, reserved 1048576K
}
Event: 12.023 GC heap after
{Heap after GC invocations=13 (full 0):
 garbage-first heap   total 245760K, used 71067K [0x0000000080000000, 0x0000000100000000)
  region size 1024K, 16 young (16384K), 16 survivors (16384K)
 Metaspace       used 84233K, capacity 86536K, committed 86684K, reserved 1124352K
  class space    used 11026K, capacity 11890K, committed 12012K, reserved 1048576K
}

