# JRE version: OpenJDK Runtime Environment (11.0.15) (build 11.0.15+0-b2043.56-9505619)
# Java VM: OpenJDK 64-Bit Server VM (11.0.15+0-b2043.56-9505619, mixed mode, tiered, compressed oops, g1 gc, windows-amd64)
Heap:
 garbage-first heap   total 294912K, used 228098K [0x0000000080000000, 0x0000000100000000)
  region size 1024K, 19 young (19456K), 1 survivors (1024K)
 Metaspace       used 111600K, capacity 115032K, committed 115280K, reserved 1148928K
  class space    used 14306K, capacity 15579K, committed 15616K, reserved 1048576K
GC Heap History (20 events):
Event: 21.251 GC heap before
{Heap before GC invocations=31 (full 0):
 garbage-first heap   total 245760K, used 212770K [0x0000000080000000, 0x0000000100000000)
  region size 1024K, 26 young (26624K), 1 survivors (1024K)
 Metaspace       used 101777K, capacity 105040K, committed 105296K, reserved 1140736K
  class space    used 13062K, capacity 14267K, committed 14336K, reserved 1048576K
}
Event: 21.258 GC heap after
{Heap after GC invocations=32 (full 0):
 garbage-first heap   total 245760K, used 189319K [0x0000000080000000, 0x0000000100000000)
  region size 1024K, 2 young (2048K), 2 survivors (2048K)
 Metaspace       used 101777K, capacity 105040K, committed 105296K, reserved 1140736K
  class space    used 13062K, capacity 14267K, committed 14336K, reserved 1048576K
}
Event: 21.686 GC heap before
{Heap before GC invocations=33 (full 0):
 garbage-first heap   total 245760K, used 213895K [0x0000000080000000, 0x0000000100000000)
  region size 1024K, 26 young (26624K), 2 survivors (2048K)
 Metaspace       used 104439K, capacity 107750K, committed 107984K, reserved 1142784K
  class space    used 13409K, capacity 14631K, committed 14720K, reserved 1048576K
}
Event: 21.690 GC heap after
{Heap after GC invocations=34 (full 0):
 garbage-first heap   total 245760K, used 189672K [0x0000000080000000, 0x0000000100000000)
  region size 1024K, 3 young (3072K), 3 survivors (3072K)
 Metaspace       used 104439K, capacity 107750K, committed 107984K, reserved 1142784K
  class space    used 13409K, capacity 14631K, committed 14720K, reserved 1048576K
}
Event: 21.794 GC heap before
{Heap before GC invocations=34 (full 0):
 garbage-first heap   total 245760K, used 198888K [0x0000000080000000, 0x0000000100000000)
  region size 1024K, 12 young (12288K), 3 survivors (3072K)
 Metaspace       used 105017K, capacity 108358K, committed 108624K, reserved 1142784K
  class space    used 13492K, capacity 14727K, committed 14848K, reserved 1048576K
}
Event: 21.798 GC heap after
{Heap after GC invocations=35 (full 0):
 garbage-first heap   total 245760K, used 189275K [0x0000000080000000, 0x0000000100000000)
  region size 1024K, 1 young (1024K), 1 survivors (1024K)
 Metaspace       used 105017K, capacity 108358K, committed 108624K, reserved 1142784K
  class space    used 13492K, capacity 14727K, committed 14848K, reserved 1048576K
}
Event: 22.045 GC heap before
{Heap before GC invocations=35 (full 0):
 garbage-first heap   total 245760K, used 213851K [0x0000000080000000, 0x0000000100000000)
  region size 1024K, 25 young (25600K), 1 survivors (1024K)
 Metaspace       used 106861K, capacity 110182K, committed 110288K, reserved 1144832K
  class space    used 13733K, capacity 14951K, committed 14976K, reserved 1048576K
}
Event: 22.049 GC heap after
{Heap after GC invocations=36 (full 0):
 garbage-first heap   total 245760K, used 189403K [0x0000000080000000, 0x0000000100000000)
  region size 1024K, 1 young (1024K), 1 survivors (1024K)
 Metaspace       used 106861K, capacity 110182K, committed 110288K, reserved 1144832K
  class space    used 13733K, capacity 14951K, committed 14976K, reserved 1048576K
}
Event: 22.375 GC heap before
{Heap before GC invocations=37 (full 0):
 garbage-first heap   total 245760K, used 213979K [0x0000000080000000, 0x0000000100000000)
  region size 1024K, 26 young (26624K), 1 survivors (1024K)
 Metaspace       used 107860K, capacity 111141K, committed 111184K, reserved 1144832K
  class space    used 13836K, capacity 15074K, committed 15104K, reserved 1048576K
}
Event: 22.382 GC heap after
{Heap after GC invocations=38 (full 0):
 garbage-first heap   total 245760K, used 192056K [0x0000000080000000, 0x0000000100000000)
  region size 1024K, 4 young (4096K), 4 survivors (4096K)
 Metaspace       used 107860K, capacity 111141K, committed 111184K, reserved 1144832K
  class space    used 13836K, capacity 15074K, committed 15104K, reserved 1048576K
}
Event: 22.573 GC heap before
{Heap before GC invocations=38 (full 0):
 garbage-first heap   total 245760K, used 214584K [0x0000000080000000, 0x0000000100000000)
  region size 1024K, 27 young (27648K), 4 survivors (4096K)
 Metaspace       used 108022K, capacity 111311K, committed 111440K, reserved 1146880K
  class space    used 13838K, capacity 15075K, committed 15104K, reserved 1048576K
}
Event: 22.582 GC heap after
{Heap after GC invocations=39 (full 0):
 garbage-first heap   total 245760K, used 193597K [0x0000000080000000, 0x0000000100000000)
  region size 1024K, 2 young (2048K), 2 survivors (2048K)
 Metaspace       used 108022K, capacity 111311K, committed 111440K, reserved 1146880K
  class space    used 13838K, capacity 15075K, committed 15104K, reserved 1048576K
}
Event: 22.843 GC heap before
{Heap before GC invocations=39 (full 0):
 garbage-first heap   total 245760K, used 214077K [0x0000000080000000, 0x0000000100000000)
  region size 1024K, 23 young (23552K), 2 survivors (2048K)
 Metaspace       used 108274K, capacity 111654K, committed 111824K, reserved 1146880K
  class space    used 13860K, capacity 15115K, committed 15232K, reserved 1048576K
}
Event: 22.848 GC heap after
{Heap after GC invocations=40 (full 0):
 garbage-first heap   total 245760K, used 194492K [0x0000000080000000, 0x0000000100000000)
  region size 1024K, 3 young (3072K), 3 survivors (3072K)
 Metaspace       used 108274K, capacity 111654K, committed 111824K, reserved 1146880K
  class space    used 13860K, capacity 15115K, committed 15232K, reserved 1048576K
}
Event: 22.951 GC heap before
{Heap before GC invocations=41 (full 0):
 garbage-first heap   total 245760K, used 202684K [0x0000000080000000, 0x0000000100000000)
  region size 1024K, 13 young (13312K), 3 survivors (3072K)
 Metaspace       used 108393K, capacity 111745K, committed 112080K, reserved 1146880K
  class space    used 13870K, capacity 15120K, committed 15232K, reserved 1048576K
}
Event: 22.958 GC heap after
{Heap after GC invocations=42 (full 0):
 garbage-first heap   total 245760K, used 194940K [0x0000000080000000, 0x0000000100000000)
  region size 1024K, 2 young (2048K), 2 survivors (2048K)
 Metaspace       used 108393K, capacity 111745K, committed 112080K, reserved 1146880K
  class space    used 13870K, capacity 15120K, committed 15232K, reserved 1048576K
}
Event: 23.165 GC heap before
{Heap before GC invocations=42 (full 0):
 garbage-first heap   total 245760K, used 226684K [0x0000000080000000, 0x0000000100000000)
  region size 1024K, 23 young (23552K), 2 survivors (2048K)
 Metaspace       used 109098K, capacity 112425K, committed 112592K, reserved 1146880K
  class space    used 13969K, capacity 15231K, committed 15232K, reserved 1048576K
}
Event: 23.171 GC heap after
{Heap after GC invocations=43 (full 0):
 garbage-first heap   total 245760K, used 211049K [0x0000000080000000, 0x0000000100000000)
  region size 1024K, 3 young (3072K), 3 survivors (3072K)
 Metaspace       used 109098K, capacity 112425K, committed 112592K, reserved 1146880K
  class space    used 13969K, capacity 15231K, committed 15232K, reserved 1048576K
}
Event: 23.237 GC heap before
{Heap before GC invocations=43 (full 0):
 garbage-first heap   total 245760K, used 219241K [0x0000000080000000, 0x0000000100000000)
  region size 1024K, 12 young (12288K), 3 survivors (3072K)
 Metaspace       used 109531K, capacity 112875K, committed 112976K, reserved 1146880K
  class space    used 14035K, capacity 15296K, committed 15360K, reserved 1048576K
}
Event: 23.245 GC heap after
{Heap after GC invocations=44 (full 0):
 garbage-first heap   total 294912K, used 211714K [0x0000000080000000, 0x0000000100000000)
  region size 1024K, 1 young (1024K), 1 survivors (1024K)
 Metaspace       used 109531K, capacity 112875K, committed 112976K, reserved 1146880K
  class space    used 14035K, capacity 15296K, committed 15360K, reserved 1048576K
}

